build/outputs/logs/manifest-merger-debug-report.txt
-- Merging decision tree log ---
manifest
ADDED from superwechat\AndroidManifest.xml:2:1-298:12
	xmlns:android
		ADDED from superwechat\AndroidManifest.xml:2:11-69
	package
		ADDED from superwechat\AndroidManifest.xml:3:5-32
		INJECTED from superwechat\AndroidManifest.xml
		INJECTED from superwechat\AndroidManifest.xml
	android:versionName
		ADDED from superwechat\AndroidManifest.xml:5:5-32
		INJECTED from superwechat\AndroidManifest.xml
		INJECTED from superwechat\AndroidManifest.xml
	android:versionCode
		ADDED from superwechat\AndroidManifest.xml:4:5-29
		INJECTED from superwechat\AndroidManifest.xml
		INJECTED from superwechat\AndroidManifest.xml
uses-sdk
ADDED from superwechat\AndroidManifest.xml:7:5-9:41
MERGED from [com.android.support:recyclerview-v7:23.2.0] AndroidManifest.xml:20:5-43
MERGED from [com.android.support:support-v4:23.2.0] AndroidManifest.xml:20:5-43
MERGED from [com.android.support:support-v4:23.2.0] AndroidManifest.xml:20:5-43
	android:targetSdkVersion
		ADDED from superwechat\AndroidManifest.xml:9:9-38
	android:minSdkVersion
		ADDED from superwechat\AndroidManifest.xml:8:9-34
uses-permission#android.permission.VIBRATE
ADDED from superwechat\AndroidManifest.xml:11:5-66
	android:name
		ADDED from superwechat\AndroidManifest.xml:11:22-63
uses-permission#android.permission.INTERNET
ADDED from superwechat\AndroidManifest.xml:12:5-67
	android:name
		ADDED from superwechat\AndroidManifest.xml:12:22-64
uses-permission#android.permission.RECORD_AUDIO
ADDED from superwechat\AndroidManifest.xml:13:5-71
	android:name
		ADDED from superwechat\AndroidManifest.xml:13:22-68
uses-permission#android.permission.CAMERA
ADDED from superwechat\AndroidManifest.xml:14:5-65
	android:name
		ADDED from superwechat\AndroidManifest.xml:14:22-62
uses-permission#android.permission.ACCESS_NETWORK_STATE
ADDED from superwechat\AndroidManifest.xml:15:5-79
	android:name
		ADDED from superwechat\AndroidManifest.xml:15:22-76
uses-permission#android.permission.WRITE_EXTERNAL_STORAGE
ADDED from superwechat\AndroidManifest.xml:16:5-81
	android:name
		ADDED from superwechat\AndroidManifest.xml:16:22-78
uses-permission#android.permission.MOUNT_UNMOUNT_FILESYSTEMS
ADDED from superwechat\AndroidManifest.xml:17:5-84
	android:name
		ADDED from superwechat\AndroidManifest.xml:17:22-81
uses-permission#android.permission.ACCESS_FINE_LOCATION
ADDED from superwechat\AndroidManifest.xml:18:5-79
	android:name
		ADDED from superwechat\AndroidManifest.xml:18:22-76
uses-permission#android.permission.GET_TASKS
ADDED from superwechat\AndroidManifest.xml:19:5-68
	android:name
		ADDED from superwechat\AndroidManifest.xml:19:22-65
uses-permission#android.permission.ACCESS_WIFI_STATE
ADDED from superwechat\AndroidManifest.xml:20:5-76
	android:name
		ADDED from superwechat\AndroidManifest.xml:20:22-73
uses-permission#android.permission.CHANGE_WIFI_STATE
ADDED from superwechat\AndroidManifest.xml:21:5-76
	android:name
		ADDED from superwechat\AndroidManifest.xml:21:22-73
uses-permission#android.permission.WAKE_LOCK
ADDED from superwechat\AndroidManifest.xml:22:5-68
	android:name
		ADDED from superwechat\AndroidManifest.xml:22:22-65
uses-permission#android.permission.MODIFY_AUDIO_SETTINGS
ADDED from superwechat\AndroidManifest.xml:23:5-80
	android:name
		ADDED from superwechat\AndroidManifest.xml:23:22-77
uses-permission#android.permission.READ_PHONE_STATE
ADDED from superwechat\AndroidManifest.xml:24:5-75
	android:name
		ADDED from superwechat\AndroidManifest.xml:24:22-72
uses-permission#android.permission.RECEIVE_BOOT_COMPLETED
ADDED from superwechat\AndroidManifest.xml:25:5-81
	android:name
		ADDED from superwechat\AndroidManifest.xml:25:22-78
uses-permission#android.permission.GET_ACCOUNTS
ADDED from superwechat\AndroidManifest.xml:26:5-71
	android:name
		ADDED from superwechat\AndroidManifest.xml:26:22-68
uses-permission#android.permission.USE_CREDENTIALS
ADDED from superwechat\AndroidManifest.xml:27:5-74
	android:name
		ADDED from superwechat\AndroidManifest.xml:27:22-71
uses-permission#android.permission.MANAGE_ACCOUNTS
ADDED from superwechat\AndroidManifest.xml:28:5-74
	android:name
		ADDED from superwechat\AndroidManifest.xml:28:22-71
uses-permission#android.permission.AUTHENTICATE_ACCOUNTS
ADDED from superwechat\AndroidManifest.xml:29:5-80
	android:name
		ADDED from superwechat\AndroidManifest.xml:29:22-77
uses-permission#com.android.launcher.permission.READ_SETTINGS
ADDED from superwechat\AndroidManifest.xml:30:5-85
	android:name
		ADDED from superwechat\AndroidManifest.xml:30:22-82
uses-permission#android.permission.BROADCAST_STICKY
ADDED from superwechat\AndroidManifest.xml:31:5-75
	android:name
		ADDED from superwechat\AndroidManifest.xml:31:22-72
uses-permission#android.permission.WRITE_SETTINGS
ADDED from superwechat\AndroidManifest.xml:32:5-73
	android:name
		ADDED from superwechat\AndroidManifest.xml:32:22-70
uses-permission#com.google.android.c2dm.permission.RECEIVE
ADDED from superwechat\AndroidManifest.xml:33:5-82
	android:name
		ADDED from superwechat\AndroidManifest.xml:33:22-79
permission#com.easemob.chatuidemo.permission.C2D_MESSAGE
ADDED from superwechat\AndroidManifest.xml:35:5-37:47
	android:protectionLevel
		ADDED from superwechat\AndroidManifest.xml:37:9-44
	android:name
		ADDED from superwechat\AndroidManifest.xml:36:9-69
uses-permission#com.easemob.chatuidemo.permission.C2D_MESSAGE
ADDED from superwechat\AndroidManifest.xml:39:5-85
	android:name
		ADDED from superwechat\AndroidManifest.xml:39:22-82
uses-permission#android.permission.READ_EXTERNAL_STORAGE
ADDED from superwechat\AndroidManifest.xml:41:5-80
	android:name
		ADDED from superwechat\AndroidManifest.xml:41:22-77
application
ADDED from superwechat\AndroidManifest.xml:43:5-296:19
MERGED from [com.android.support:support-v4:23.2.0] AndroidManifest.xml:22:5-20
MERGED from [com.android.support:support-v4:23.2.0] AndroidManifest.xml:22:5-20
	android:label
		ADDED from superwechat\AndroidManifest.xml:47:9-41
	android:allowBackup
		ADDED from superwechat\AndroidManifest.xml:45:9-35
	android:icon
		ADDED from superwechat\AndroidManifest.xml:46:9-45
	android:name
		ADDED from superwechat\AndroidManifest.xml:44:9-46
activity#cn.gen.fulicenter.activity.MainActivity
ADDED from superwechat\AndroidManifest.xml:48:9-68
	android:name
		ADDED from superwechat\AndroidManifest.xml:48:19-56
activity#cn.gen.fulicenter.activity.FuliCenterMainActivity
ADDED from superwechat\AndroidManifest.xml:50:9-57:20
	android:windowSoftInputMode
		ADDED from superwechat\AndroidManifest.xml:55:13-52
	android:screenOrientation
		ADDED from superwechat\AndroidManifest.xml:53:13-49
	android:theme
		ADDED from superwechat\AndroidManifest.xml:54:13-52
	android:name
		ADDED from superwechat\AndroidManifest.xml:51:13-60
	android:launchMode
		ADDED from superwechat\AndroidManifest.xml:52:13-44
activity#cn.gen.fulicenter.activity.GoodDetailActivity
ADDED from superwechat\AndroidManifest.xml:59:9-63:20
	android:screenOrientation
		ADDED from superwechat\AndroidManifest.xml:61:13-49
	android:theme
		ADDED from superwechat\AndroidManifest.xml:62:13-52
	android:name
		ADDED from superwechat\AndroidManifest.xml:60:13-56
activity#cn.gen.fulicenter.activity.BoutiqueChildActivity
ADDED from superwechat\AndroidManifest.xml:66:9-70:20
	android:screenOrientation
		ADDED from superwechat\AndroidManifest.xml:68:13-49
	android:theme
		ADDED from superwechat\AndroidManifest.xml:69:13-52
	android:name
		ADDED from superwechat\AndroidManifest.xml:67:13-59
activity#cn.gen.fulicenter.activity.CategoryChildActivity
ADDED from superwechat\AndroidManifest.xml:73:9-77:20
	android:screenOrientation
		ADDED from superwechat\AndroidManifest.xml:75:13-49
	android:theme
		ADDED from superwechat\AndroidManifest.xml:76:13-52
	android:name
		ADDED from superwechat\AndroidManifest.xml:74:13-59
activity#cn.gen.fulicenter.activity.SplashActivity
ADDED from superwechat\AndroidManifest.xml:80:9-89:20
	android:screenOrientation
		ADDED from superwechat\AndroidManifest.xml:82:13-49
	android:theme
		ADDED from superwechat\AndroidManifest.xml:83:13-52
	android:name
		ADDED from superwechat\AndroidManifest.xml:81:13-52
intent-filter#android.intent.action.MAIN+android.intent.category.LAUNCHER
ADDED from superwechat\AndroidManifest.xml:84:13-88:29
action#android.intent.action.MAIN
ADDED from superwechat\AndroidManifest.xml:85:17-69
	android:name
		ADDED from superwechat\AndroidManifest.xml:85:25-66
category#android.intent.category.LAUNCHER
ADDED from superwechat\AndroidManifest.xml:87:17-77
	android:name
		ADDED from superwechat\AndroidManifest.xml:87:27-74
activity#cn.gen.fulicenter.activity.LoginActivity
ADDED from superwechat\AndroidManifest.xml:92:9-96:80
	android:windowSoftInputMode
		ADDED from superwechat\AndroidManifest.xml:96:13-68
	android:screenOrientation
		ADDED from superwechat\AndroidManifest.xml:94:13-49
	android:theme
		ADDED from superwechat\AndroidManifest.xml:95:13-52
	android:name
		ADDED from superwechat\AndroidManifest.xml:93:13-51
activity#cn.gen.fulicenter.activity.RegisterActivity
ADDED from superwechat\AndroidManifest.xml:99:9-103:80
	android:windowSoftInputMode
		ADDED from superwechat\AndroidManifest.xml:103:13-68
	android:screenOrientation
		ADDED from superwechat\AndroidManifest.xml:101:13-49
	android:theme
		ADDED from superwechat\AndroidManifest.xml:102:13-52
	android:name
		ADDED from superwechat\AndroidManifest.xml:100:13-54
activity#cn.gen.fulicenter.activity.ChatActivity
ADDED from superwechat\AndroidManifest.xml:105:9-110:67
	android:windowSoftInputMode
		ADDED from superwechat\AndroidManifest.xml:110:13-55
	android:screenOrientation
		ADDED from superwechat\AndroidManifest.xml:108:13-49
	android:theme
		ADDED from superwechat\AndroidManifest.xml:109:13-52
	android:name
		ADDED from superwechat\AndroidManifest.xml:106:13-50
	android:launchMode
		ADDED from superwechat\AndroidManifest.xml:107:13-43
activity#cn.gen.fulicenter.activity.AddContactActivity
ADDED from superwechat\AndroidManifest.xml:112:9-116:67
	android:windowSoftInputMode
		ADDED from superwechat\AndroidManifest.xml:116:13-55
	android:screenOrientation
		ADDED from superwechat\AndroidManifest.xml:114:13-49
	android:theme
		ADDED from superwechat\AndroidManifest.xml:115:13-52
	android:name
		ADDED from superwechat\AndroidManifest.xml:113:13-56
activity#cn.gen.fulicenter.activity.BaiduMapActivity
ADDED from superwechat\AndroidManifest.xml:119:9-122:64
	android:screenOrientation
		ADDED from superwechat\AndroidManifest.xml:121:13-49
	android:theme
		ADDED from superwechat\AndroidManifest.xml:122:13-52
	android:name
		ADDED from superwechat\AndroidManifest.xml:120:13-54
activity#cn.gen.fulicenter.activity.NewFriendsMsgActivity
ADDED from superwechat\AndroidManifest.xml:125:9-128:64
	android:screenOrientation
		ADDED from superwechat\AndroidManifest.xml:127:13-49
	android:theme
		ADDED from superwechat\AndroidManifest.xml:128:13-52
	android:name
		ADDED from superwechat\AndroidManifest.xml:126:13-59
activity#cn.gen.fulicenter.activity.ForwardMessageActivity
ADDED from superwechat\AndroidManifest.xml:130:9-134:64
	android:windowSoftInputMode
		ADDED from superwechat\AndroidManifest.xml:134:13-52
	android:screenOrientation
		ADDED from superwechat\AndroidManifest.xml:132:13-49
	android:theme
		ADDED from superwechat\AndroidManifest.xml:133:13-52
	android:name
		ADDED from superwechat\AndroidManifest.xml:131:13-60
activity#cn.gen.fulicenter.activity.ContextMenu
ADDED from superwechat\AndroidManifest.xml:136:9-139:61
	android:screenOrientation
		ADDED from superwechat\AndroidManifest.xml:138:13-49
	android:theme
		ADDED from superwechat\AndroidManifest.xml:139:13-49
	android:name
		ADDED from superwechat\AndroidManifest.xml:137:13-49
activity#cn.gen.fulicenter.activity.AlertDialog
ADDED from superwechat\AndroidManifest.xml:141:9-144:61
	android:screenOrientation
		ADDED from superwechat\AndroidManifest.xml:143:13-49
	android:theme
		ADDED from superwechat\AndroidManifest.xml:144:13-49
	android:name
		ADDED from superwechat\AndroidManifest.xml:142:13-49
activity#cn.gen.fulicenter.activity.ShowBigImage
ADDED from superwechat\AndroidManifest.xml:146:9-149:64
	android:screenOrientation
		ADDED from superwechat\AndroidManifest.xml:148:13-49
	android:theme
		ADDED from superwechat\AndroidManifest.xml:149:13-52
	android:name
		ADDED from superwechat\AndroidManifest.xml:147:13-50
activity#cn.gen.fulicenter.activity.ShowNormalFileActivity
ADDED from superwechat\AndroidManifest.xml:151:9-154:64
	android:screenOrientation
		ADDED from superwechat\AndroidManifest.xml:153:13-49
	android:theme
		ADDED from superwechat\AndroidManifest.xml:154:13-52
	android:name
		ADDED from superwechat\AndroidManifest.xml:152:13-60
activity#cn.gen.fulicenter.activity.BlacklistActivity
ADDED from superwechat\AndroidManifest.xml:156:9-159:64
	android:screenOrientation
		ADDED from superwechat\AndroidManifest.xml:158:13-49
	android:theme
		ADDED from superwechat\AndroidManifest.xml:159:13-52
	android:name
		ADDED from superwechat\AndroidManifest.xml:157:13-55
activity#cn.gen.fulicenter.activity.PublicChatRoomsActivity
ADDED from superwechat\AndroidManifest.xml:160:9-164:64
	android:windowSoftInputMode
		ADDED from superwechat\AndroidManifest.xml:164:13-52
	android:screenOrientation
		ADDED from superwechat\AndroidManifest.xml:162:13-49
	android:theme
		ADDED from superwechat\AndroidManifest.xml:163:13-52
	android:name
		ADDED from superwechat\AndroidManifest.xml:161:13-61
activity#cn.gen.fulicenter.activity.VoiceCallActivity
ADDED from superwechat\AndroidManifest.xml:167:9-171:60
	android:screenOrientation
		ADDED from superwechat\AndroidManifest.xml:170:13-49
	android:theme
		ADDED from superwechat\AndroidManifest.xml:171:13-48
	android:name
		ADDED from superwechat\AndroidManifest.xml:168:13-55
	android:launchMode
		ADDED from superwechat\AndroidManifest.xml:169:13-44
activity#cn.gen.fulicenter.activity.VideoCallActivity
ADDED from superwechat\AndroidManifest.xml:173:9-178:64
	android:screenOrientation
		ADDED from superwechat\AndroidManifest.xml:177:13-49
	android:configChanges
		ADDED from superwechat\AndroidManifest.xml:175:13-74
	android:theme
		ADDED from superwechat\AndroidManifest.xml:178:13-52
	android:name
		ADDED from superwechat\AndroidManifest.xml:174:13-55
	android:launchMode
		ADDED from superwechat\AndroidManifest.xml:176:13-44
activity#cn.gen.fulicenter.activity.EditActivity
ADDED from superwechat\AndroidManifest.xml:179:9-183:67
	android:windowSoftInputMode
		ADDED from superwechat\AndroidManifest.xml:183:13-55
	android:screenOrientation
		ADDED from superwechat\AndroidManifest.xml:181:13-49
	android:theme
		ADDED from superwechat\AndroidManifest.xml:182:13-52
	android:name
		ADDED from superwechat\AndroidManifest.xml:180:13-50
activity#cn.gen.fulicenter.activity.ShowVideoActivity
ADDED from superwechat\AndroidManifest.xml:184:9-188:72
	android:windowSoftInputMode
		ADDED from superwechat\AndroidManifest.xml:188:13-60
	android:screenOrientation
		ADDED from superwechat\AndroidManifest.xml:186:13-49
	android:theme
		ADDED from superwechat\AndroidManifest.xml:187:13-52
	android:name
		ADDED from superwechat\AndroidManifest.xml:185:13-55
activity#cn.gen.fulicenter.activity.ImageGridActivity
ADDED from superwechat\AndroidManifest.xml:190:9-194:72
	android:windowSoftInputMode
		ADDED from superwechat\AndroidManifest.xml:194:13-60
	android:screenOrientation
		ADDED from superwechat\AndroidManifest.xml:192:13-49
	android:theme
		ADDED from superwechat\AndroidManifest.xml:193:13-52
	android:name
		ADDED from superwechat\AndroidManifest.xml:191:13-55
activity#cn.gen.fulicenter.activity.RecorderVideoActivity
ADDED from superwechat\AndroidManifest.xml:195:9-199:72
	android:windowSoftInputMode
		ADDED from superwechat\AndroidManifest.xml:199:13-60
	android:screenOrientation
		ADDED from superwechat\AndroidManifest.xml:197:13-49
	android:theme
		ADDED from superwechat\AndroidManifest.xml:198:13-52
	android:name
		ADDED from superwechat\AndroidManifest.xml:196:13-59
activity#cn.gen.fulicenter.activity.DiagnoseActivity
ADDED from superwechat\AndroidManifest.xml:201:9-205:72
	android:windowSoftInputMode
		ADDED from superwechat\AndroidManifest.xml:205:13-60
	android:screenOrientation
		ADDED from superwechat\AndroidManifest.xml:203:13-49
	android:theme
		ADDED from superwechat\AndroidManifest.xml:204:13-52
	android:name
		ADDED from superwechat\AndroidManifest.xml:202:13-54
activity#cn.gen.fulicenter.activity.OfflinePushNickActivity
ADDED from superwechat\AndroidManifest.xml:208:9-212:72
	android:windowSoftInputMode
		ADDED from superwechat\AndroidManifest.xml:212:13-60
	android:screenOrientation
		ADDED from superwechat\AndroidManifest.xml:210:13-49
	android:theme
		ADDED from superwechat\AndroidManifest.xml:211:13-52
	android:name
		ADDED from superwechat\AndroidManifest.xml:209:13-61
activity#cn.gen.fulicenter.activity.RobotsActivity
ADDED from superwechat\AndroidManifest.xml:214:9-218:63
	android:windowSoftInputMode
		ADDED from superwechat\AndroidManifest.xml:218:13-60
	android:screenOrientation
		ADDED from superwechat\AndroidManifest.xml:216:13-49
	android:theme
		ADDED from superwechat\AndroidManifest.xml:217:13-52
	android:name
		ADDED from superwechat\AndroidManifest.xml:215:13-52
activity#cn.gen.fulicenter.activity.UserProfileActivity
ADDED from superwechat\AndroidManifest.xml:220:9-223:55
	android:screenOrientation
		ADDED from superwechat\AndroidManifest.xml:222:13-49
	android:theme
		ADDED from superwechat\AndroidManifest.xml:223:13-52
	android:name
		ADDED from superwechat\AndroidManifest.xml:221:13-57
receiver#com.easemob.chat.StartServiceReceiver
ADDED from superwechat\AndroidManifest.xml:226:9-233:20
	android:name
		ADDED from superwechat\AndroidManifest.xml:226:19-71
intent-filter#android.intent.action.BOOT_COMPLETED+android.intent.action.QUICKBOOT_POWERON+android.intent.category.LAUNCHER
ADDED from superwechat\AndroidManifest.xml:227:13-232:29
	android:priority
		ADDED from superwechat\AndroidManifest.xml:227:28-51
action#android.intent.action.BOOT_COMPLETED
ADDED from superwechat\AndroidManifest.xml:228:17-79
	android:name
		ADDED from superwechat\AndroidManifest.xml:228:25-76
action#android.intent.action.QUICKBOOT_POWERON
ADDED from superwechat\AndroidManifest.xml:229:17-82
	android:name
		ADDED from superwechat\AndroidManifest.xml:229:25-79
receiver#com.easemob.chat.EMGCMBroadcastReceiver
ADDED from superwechat\AndroidManifest.xml:236:9-245:20
	android:exported
		ADDED from superwechat\AndroidManifest.xml:238:13-36
	android:permission
		ADDED from superwechat\AndroidManifest.xml:239:13-73
	android:name
		ADDED from superwechat\AndroidManifest.xml:237:13-67
intent-filter#com.easemob.chatuidemo+com.google.android.c2dm.intent.RECEIVE
ADDED from superwechat\AndroidManifest.xml:240:13-244:29
action#com.google.android.c2dm.intent.RECEIVE
ADDED from superwechat\AndroidManifest.xml:241:17-81
	android:name
		ADDED from superwechat\AndroidManifest.xml:241:25-78
category#com.easemob.chatuidemo
ADDED from superwechat\AndroidManifest.xml:243:17-67
	android:name
		ADDED from superwechat\AndroidManifest.xml:243:27-64
service#com.easemob.chat.EMGCMListenerService
ADDED from superwechat\AndroidManifest.xml:247:9-249:48
	android:exported
		ADDED from superwechat\AndroidManifest.xml:249:13-37
	android:name
		ADDED from superwechat\AndroidManifest.xml:248:13-65
receiver#cn.gen.fulicenter.receiver.GCMPushBroadCast
ADDED from superwechat\AndroidManifest.xml:251:9-259:20
	android:exported
		ADDED from superwechat\AndroidManifest.xml:253:13-37
	android:name
		ADDED from superwechat\AndroidManifest.xml:252:13-54
intent-filter#com.easemob.chatuidemo+com.easemob.sdk.push
ADDED from superwechat\AndroidManifest.xml:254:13-258:29
action#com.easemob.sdk.push
ADDED from superwechat\AndroidManifest.xml:255:17-63
	android:name
		ADDED from superwechat\AndroidManifest.xml:255:25-60
meta-data#EASEMOB_APPKEY
ADDED from superwechat\AndroidManifest.xml:264:9-266:48
	android:name
		ADDED from superwechat\AndroidManifest.xml:265:13-42
	android:value
		ADDED from superwechat\AndroidManifest.xml:266:13-45
service#com.easemob.chat.EMChatService
ADDED from superwechat\AndroidManifest.xml:268:9-66
	android:name
		ADDED from superwechat\AndroidManifest.xml:268:18-63
receiver#com.easemob.chat.EMMonitorReceiver
ADDED from superwechat\AndroidManifest.xml:270:9-280:20
	android:name
		ADDED from superwechat\AndroidManifest.xml:270:19-68
intent-filter#android.intent.action.PACKAGE_REMOVED
ADDED from superwechat\AndroidManifest.xml:271:13-275:29
action#android.intent.action.PACKAGE_REMOVED
ADDED from superwechat\AndroidManifest.xml:272:17-80
	android:name
		ADDED from superwechat\AndroidManifest.xml:272:25-77
data
ADDED from superwechat\AndroidManifest.xml:274:17-50
	android:scheme
		ADDED from superwechat\AndroidManifest.xml:274:23-47
intent-filter#android.intent.action.BOOT_COMPLETED+android.intent.action.USER_PRESENT
ADDED from superwechat\AndroidManifest.xml:276:13-279:29
action#android.intent.action.USER_PRESENT
ADDED from superwechat\AndroidManifest.xml:278:17-77
	android:name
		ADDED from superwechat\AndroidManifest.xml:278:25-74
service#com.baidu.location.f
ADDED from superwechat\AndroidManifest.xml:283:9-286:41
	android:process
		ADDED from superwechat\AndroidManifest.xml:286:13-38
	android:enabled
		ADDED from superwechat\AndroidManifest.xml:285:13-35
	android:name
		ADDED from superwechat\AndroidManifest.xml:284:13-48
meta-data#UMENG_APPKEY
ADDED from superwechat\AndroidManifest.xml:288:9-290:66
	android:name
		ADDED from superwechat\AndroidManifest.xml:289:13-40
	android:value
		ADDED from superwechat\AndroidManifest.xml:290:13-53
meta-data#com.baidu.lbsapi.API_KEY
ADDED from superwechat\AndroidManifest.xml:291:9-293:64
	android:name
		ADDED from superwechat\AndroidManifest.xml:292:13-52
	android:value
		ADDED from superwechat\AndroidManifest.xml:293:13-61